<?xml version="1.0" encoding="UTF-8"?>
<!-- Generated by org.testng.reporters.JUnitXMLReporter -->
<testsuite hostname="DESKTOP-39UJIFT" ignored="0" name="Differt Test cases Executed" tests="21" failures="1" timestamp="25 Jun 2020 14:10:32 GMT" time="224.804" errors="0">
  <testcase name="getgoogletitle" time="0.077" classname="com.testNG.AssertTestConcept"/>
  <testcase name="googlelogo" time="2.416" classname="com.testNG.AssertTestConcept"/>
  <testcase name="testException" time="0.003" classname="com.testNG.ExceptionTimOutTest"/>
  <testcase name="sum" time="0.0" classname="com.testNG.InvocationCountTest"/>
  <testcase name="sum" time="0.0" classname="com.testNG.InvocationCountTest"/>
  <testcase name="sum" time="0.0" classname="com.testNG.InvocationCountTest"/>
  <testcase name="sum" time="0.0" classname="com.testNG.InvocationCountTest"/>
  <testcase name="sum" time="0.0" classname="com.testNG.InvocationCountTest"/>
  <testcase name="Nextpage" time="0.016" classname="com.testNG.TestNGBasicConcept"/>
  <testcase name="Search" time="0.0" classname="com.testNG.TestNGBasicConcept"/>
  <testcase name="getTitle" time="0.0" classname="com.testNG.TestNGBasicConcept"/>
  <testcase name="loginTest" time="0.0" classname="com.testNG.TestNGFeatures"/>
  <testcase name="Registerpage" time="0.0" classname="com.testNG.TestNGFeatures"/>
  <testcase name="homePagetest" time="0.0" classname="com.testNG.TestNGFeatures"/>
  <testcase name="lgoutpage" time="0.0" classname="com.testNG.TestNGFeatures"/>
  <testcase name="getgoogletitle" time="0.008" classname="com.testNG.GoogleTest"/>
  <testcase name="gmaillink" time="30.21" classname="com.testNG.GoogleTest">
    <failure type="org.openqa.selenium.NoSuchElementException" message="no such element: Unable to locate element: {&amp;quot;method&amp;quot;:&amp;quot;link text&amp;quot;,&amp;quot;selector&amp;quot;:&amp;quot;mail&amp;quot;}
  (Session info: chrome=80.0.3987.122)
For documentation on this error, please visit: https://www.seleniumhq.org/exceptions/no_such_element.html
Build info: version: &amp;apos;3.141.59&amp;apos;, revision: &amp;apos;e82be7d358&amp;apos;, time: &amp;apos;2018-11-14T08:25:53&amp;apos;
System info: host: &amp;apos;DESKTOP-39UJIFT&amp;apos;, ip: &amp;apos;192.168.0.13&amp;apos;, os.name: &amp;apos;Windows 10&amp;apos;, os.arch: &amp;apos;amd64&amp;apos;, os.version: &amp;apos;10.0&amp;apos;, java.version: &amp;apos;1.8.0_73&amp;apos;
Driver info: org.openqa.selenium.chrome.ChromeDriver
Capabilities {acceptInsecureCerts: false, browserName: chrome, browserVersion: 80.0.3987.122, chrome: {chromedriverVersion: 80.0.3987.106 (f68069574609..., userDataDir: C:\Users\vaibh\AppData\Loca...}, goog:chromeOptions: {debuggerAddress: localhost:55896}, javascriptEnabled: true, networkConnectionEnabled: false, pageLoadStrategy: normal, platform: WINDOWS, platformName: WINDOWS, proxy: Proxy(), setWindowRect: true, strictFileInteractability: false, timeouts: {implicit: 0, pageLoad: 300000, script: 30000}, unhandledPromptBehavior: dismiss and notify}
Session ID: e61369983c1eabaa1d6d8f7ba8f6d517
*** Element info: {Using=link text, value=mail}">
      <![CDATA[org.openqa.selenium.NoSuchElementException: no such element: Unable to locate element: {"method":"link text","selector":"mail"}
  (Session info: chrome=80.0.3987.122)
For documentation on this error, please visit: https://www.seleniumhq.org/exceptions/no_such_element.html
Build info: version: '3.141.59', revision: 'e82be7d358', time: '2018-11-14T08:25:53'
System info: host: 'DESKTOP-39UJIFT', ip: '192.168.0.13', os.name: 'Windows 10', os.arch: 'amd64', os.version: '10.0', java.version: '1.8.0_73'
Driver info: org.openqa.selenium.chrome.ChromeDriver
Capabilities {acceptInsecureCerts: false, browserName: chrome, browserVersion: 80.0.3987.122, chrome: {chromedriverVersion: 80.0.3987.106 (f68069574609..., userDataDir: C:\Users\vaibh\AppData\Loca...}, goog:chromeOptions: {debuggerAddress: localhost:55896}, javascriptEnabled: true, networkConnectionEnabled: false, pageLoadStrategy: normal, platform: WINDOWS, platformName: WINDOWS, proxy: Proxy(), setWindowRect: true, strictFileInteractability: false, timeouts: {implicit: 0, pageLoad: 300000, script: 30000}, unhandledPromptBehavior: dismiss and notify}
Session ID: e61369983c1eabaa1d6d8f7ba8f6d517
*** Element info: {Using=link text, value=mail}
	at org.openqa.selenium.remote.http.W3CHttpResponseCodec.createException(W3CHttpResponseCodec.java:187)
	at org.openqa.selenium.remote.http.W3CHttpResponseCodec.decode(W3CHttpResponseCodec.java:122)
	at org.openqa.selenium.remote.http.W3CHttpResponseCodec.decode(W3CHttpResponseCodec.java:49)
	at org.openqa.selenium.remote.HttpCommandExecutor.execute(HttpCommandExecutor.java:158)
	at org.openqa.selenium.remote.service.DriverCommandExecutor.execute(DriverCommandExecutor.java:83)
	at org.openqa.selenium.remote.RemoteWebDriver.execute(RemoteWebDriver.java:552)
	at org.openqa.selenium.remote.RemoteWebDriver.findElement(RemoteWebDriver.java:323)
	at org.openqa.selenium.remote.RemoteWebDriver.findElementByLinkText(RemoteWebDriver.java:380)
	at org.openqa.selenium.By$ByLinkText.findElement(By.java:220)
	at org.openqa.selenium.remote.RemoteWebDriver.findElement(RemoteWebDriver.java:315)
	at com.testNG.GoogleTest.gmaillink(GoogleTest.java:43)
... Removed 29 stack frames]]>
    </failure>
  </testcase> <!-- gmaillink -->
  <testcase name="googlelogo" time="0.056" classname="com.testNG.GoogleTest"/>
  <testcase name="test1" time="0.001" classname="com.testNG.GoogleTest"/>
  <testcase name="test2" time="0.0" classname="com.testNG.GoogleTest"/>
  <testcase name="test3" time="0.001" classname="com.testNG.GoogleTest"/>
</testsuite> <!-- Differt Test cases Executed -->
