<html>
<head>
<title>TestNG:  Differt Test cases Executed</title>
<link href="../testng.css" rel="stylesheet" type="text/css" />
<link href="../my-testng.css" rel="stylesheet" type="text/css" />

<style type="text/css">
.log { display: none;} 
.stack-trace { display: none;} 
</style>
<script type="text/javascript">
<!--
function flip(e) {
  current = e.style.display;
  if (current == 'block') {
    e.style.display = 'none';
    return 0;
  }
  else {
    e.style.display = 'block';
    return 1;
  }
}

function toggleBox(szDivId, elem, msg1, msg2)
{
  var res = -1;  if (document.getElementById) {
    res = flip(document.getElementById(szDivId));
  }
  else if (document.all) {
    // this is the way old msie versions work
    res = flip(document.all[szDivId]);
  }
  if(elem) {
    if(res == 0) elem.innerHTML = msg1; else elem.innerHTML = msg2;
  }

}

function toggleAllBoxes() {
  if (document.getElementsByTagName) {
    d = document.getElementsByTagName('div');
    for (i = 0; i < d.length; i++) {
      if (d[i].className == 'log') {
        flip(d[i]);
      }
    }
  }
}

// -->
</script>

</head>
<body>
<h2 align='center'>Differt Test cases Executed</h2><table border='1' align="center">
<tr>
<td>Tests passed/Failed/Skipped:</td><td>20/1/0</td>
</tr><tr>
<td>Started on:</td><td>Thu Jun 25 19:36:47 IST 2020</td>
</tr>
<tr><td>Total time:</td><td>224 seconds (224804 ms)</td>
</tr><tr>
<td>Included groups:</td><td></td>
</tr><tr>
<td>Excluded groups:</td><td></td>
</tr>
</table><p/>
<small><i>(Hover the method name to see the test class name)</i></small><p/>
<table width='100%' border='1' class='invocation-failed'>
<tr><td colspan='4' align='center'><b>FAILED TESTS</b></td></tr>
<tr><td><b>Test method</b></td>
<td width="30%"><b>Exception</b></td>
<td width="10%"><b>Time (seconds)</b></td>
<td><b>Instance</b></td>
</tr>
<tr>
<td title='com.testNG.GoogleTest.gmaillink()'><b>gmaillink</b><br>Test class: com.testNG.GoogleTest</td>
<td><div><pre>org.openqa.selenium.NoSuchElementException: no such element: Unable to locate element: {&quot;method&quot;:&quot;link text&quot;,&quot;selector&quot;:&quot;mail&quot;}
  (Session info: chrome=80.0.3987.122)
For documentation on this error, please visit: https://www.seleniumhq.org/exceptions/no_such_element.html
Build info: version: &apos;3.141.59&apos;, revision: &apos;e82be7d358&apos;, time: &apos;2018-11-14T08:25:53&apos;
System info: host: &apos;DESKTOP-39UJIFT&apos;, ip: &apos;192.168.0.13&apos;, os.name: &apos;Windows 10&apos;, os.arch: &apos;amd64&apos;, os.version: &apos;10.0&apos;, java.version: &apos;1.8.0_73&apos;
Driver info: org.openqa.selenium.chrome.ChromeDriver
Capabilities {acceptInsecureCerts: false, browserName: chrome, browserVersion: 80.0.3987.122, chrome: {chromedriverVersion: 80.0.3987.106 (f68069574609..., userDataDir: C:\Users\vaibh\AppData\Loca...}, goog:chromeOptions: {debuggerAddress: localhost:55896}, javascriptEnabled: true, networkConnectionEnabled: false, pageLoadStrategy: normal, platform: WINDOWS, platformName: WINDOWS, proxy: Proxy(), setWindowRect: true, strictFileInteractability: false, timeouts: {implicit: 0, pageLoad: 300000, script: 30000}, unhandledPromptBehavior: dismiss and notify}
Session ID: e61369983c1eabaa1d6d8f7ba8f6d517
*** Element info: {Using=link text, value=mail}
	at org.openqa.selenium.remote.http.W3CHttpResponseCodec.createException(W3CHttpResponseCodec.java:187)
	at org.openqa.selenium.remote.http.W3CHttpResponseCodec.decode(W3CHttpResponseCodec.java:122)
	at org.openqa.selenium.remote.http.W3CHttpResponseCodec.decode(W3CHttpResponseCodec.java:49)
	at org.openqa.selenium.remote.HttpCommandExecutor.execute(HttpCommandExecutor.java:158)
	at org.openqa.selenium.remote.service.DriverCommandExecutor.execute(DriverCommandExecutor.java:83)
	at org.openqa.selenium.remote.RemoteWebDriver.execute(RemoteWebDriver.java:552)
	at org.openqa.selenium.remote.RemoteWebDriver.findElement(RemoteWebDriver.java:323)
	at org.openqa.selenium.remote.RemoteWebDriver.findElementByLinkText(RemoteWebDriver.java:380)
	at org.openqa.selenium.By$ByLinkText.findElement(By.java:220)
	at org.openqa.selenium.remote.RemoteWebDriver.findElement(RemoteWebDriver.java:315)
	at com.testNG.GoogleTest.gmaillink(GoogleTest.java:43)
... Removed 29 stack frames</pre></div><a href='#' onClick='toggleBox("stack-trace878668275", this, "Click to show all stack frames", "Click to hide stack frames")'>Click to show all stack frames</a>
<div class='stack-trace' id='stack-trace878668275'><pre>org.openqa.selenium.NoSuchElementException: no such element: Unable to locate element: {&quot;method&quot;:&quot;link text&quot;,&quot;selector&quot;:&quot;mail&quot;}
  (Session info: chrome=80.0.3987.122)
For documentation on this error, please visit: https://www.seleniumhq.org/exceptions/no_such_element.html
Build info: version: &apos;3.141.59&apos;, revision: &apos;e82be7d358&apos;, time: &apos;2018-11-14T08:25:53&apos;
System info: host: &apos;DESKTOP-39UJIFT&apos;, ip: &apos;192.168.0.13&apos;, os.name: &apos;Windows 10&apos;, os.arch: &apos;amd64&apos;, os.version: &apos;10.0&apos;, java.version: &apos;1.8.0_73&apos;
Driver info: org.openqa.selenium.chrome.ChromeDriver
Capabilities {acceptInsecureCerts: false, browserName: chrome, browserVersion: 80.0.3987.122, chrome: {chromedriverVersion: 80.0.3987.106 (f68069574609..., userDataDir: C:\Users\vaibh\AppData\Loca...}, goog:chromeOptions: {debuggerAddress: localhost:55896}, javascriptEnabled: true, networkConnectionEnabled: false, pageLoadStrategy: normal, platform: WINDOWS, platformName: WINDOWS, proxy: Proxy(), setWindowRect: true, strictFileInteractability: false, timeouts: {implicit: 0, pageLoad: 300000, script: 30000}, unhandledPromptBehavior: dismiss and notify}
Session ID: e61369983c1eabaa1d6d8f7ba8f6d517
*** Element info: {Using=link text, value=mail}
	at sun.reflect.NativeConstructorAccessorImpl.newInstance0(Native Method)
	at sun.reflect.NativeConstructorAccessorImpl.newInstance(Unknown Source)
	at sun.reflect.DelegatingConstructorAccessorImpl.newInstance(Unknown Source)
	at java.lang.reflect.Constructor.newInstance(Unknown Source)
	at org.openqa.selenium.remote.http.W3CHttpResponseCodec.createException(W3CHttpResponseCodec.java:187)
	at org.openqa.selenium.remote.http.W3CHttpResponseCodec.decode(W3CHttpResponseCodec.java:122)
	at org.openqa.selenium.remote.http.W3CHttpResponseCodec.decode(W3CHttpResponseCodec.java:49)
	at org.openqa.selenium.remote.HttpCommandExecutor.execute(HttpCommandExecutor.java:158)
	at org.openqa.selenium.remote.service.DriverCommandExecutor.execute(DriverCommandExecutor.java:83)
	at org.openqa.selenium.remote.RemoteWebDriver.execute(RemoteWebDriver.java:552)
	at org.openqa.selenium.remote.RemoteWebDriver.findElement(RemoteWebDriver.java:323)
	at org.openqa.selenium.remote.RemoteWebDriver.findElementByLinkText(RemoteWebDriver.java:380)
	at org.openqa.selenium.By$ByLinkText.findElement(By.java:220)
	at org.openqa.selenium.remote.RemoteWebDriver.findElement(RemoteWebDriver.java:315)
	at com.testNG.GoogleTest.gmaillink(GoogleTest.java:43)
	at sun.reflect.NativeMethodAccessorImpl.invoke0(Native Method)
	at sun.reflect.NativeMethodAccessorImpl.invoke(Unknown Source)
	at sun.reflect.DelegatingMethodAccessorImpl.invoke(Unknown Source)
	at java.lang.reflect.Method.invoke(Unknown Source)
	at org.testng.internal.MethodInvocationHelper.invokeMethod(MethodInvocationHelper.java:104)
	at org.testng.internal.Invoker.invokeMethod(Invoker.java:645)
	at org.testng.internal.Invoker.invokeTestMethod(Invoker.java:851)
	at org.testng.internal.Invoker.invokeTestMethods(Invoker.java:1177)
	at org.testng.internal.TestMethodWorker.invokeTestMethods(TestMethodWorker.java:129)
	at org.testng.internal.TestMethodWorker.run(TestMethodWorker.java:112)
	at org.testng.TestRunner.privateRun(TestRunner.java:756)
	at org.testng.TestRunner.run(TestRunner.java:610)
	at org.testng.SuiteRunner.runTest(SuiteRunner.java:387)
	at org.testng.SuiteRunner.runSequentially(SuiteRunner.java:382)
	at org.testng.SuiteRunner.privateRun(SuiteRunner.java:340)
	at org.testng.SuiteRunner.run(SuiteRunner.java:289)
	at org.testng.SuiteRunnerWorker.runSuite(SuiteRunnerWorker.java:52)
	at org.testng.SuiteRunnerWorker.run(SuiteRunnerWorker.java:86)
	at org.testng.TestNG.runSuitesSequentially(TestNG.java:1293)
	at org.testng.TestNG.runSuitesLocally(TestNG.java:1218)
	at org.testng.TestNG.runSuites(TestNG.java:1133)
	at org.testng.TestNG.run(TestNG.java:1104)
	at org.testng.remote.AbstractRemoteTestNG.run(AbstractRemoteTestNG.java:132)
	at org.testng.remote.RemoteTestNG.initAndRun(RemoteTestNG.java:236)
	at org.testng.remote.RemoteTestNG.main(RemoteTestNG.java:81)
</pre></div></td>
<td>30</td>
<td>com.testNG.GoogleTest@1b604f19</td></tr>
</table><p>
<table width='100%' border='1' class='invocation-passed'>
<tr><td colspan='4' align='center'><b>PASSED TESTS</b></td></tr>
<tr><td><b>Test method</b></td>
<td width="30%"><b>Exception</b></td>
<td width="10%"><b>Time (seconds)</b></td>
<td><b>Instance</b></td>
</tr>
<tr>
<td title='com.testNG.TestNGBasicConcept.Nextpage()'><b>Nextpage</b><br>Test class: com.testNG.TestNGBasicConcept</td>
<td></td>
<td>0</td>
<td>com.testNG.TestNGBasicConcept@51565ec2</td></tr>
<tr>
<td title='com.testNG.TestNGFeatures.Registerpage()'><b>Registerpage</b><br>Test class: com.testNG.TestNGFeatures</td>
<td></td>
<td>0</td>
<td>com.testNG.TestNGFeatures@4cc0edeb</td></tr>
<tr>
<td title='com.testNG.TestNGBasicConcept.Search()'><b>Search</b><br>Test class: com.testNG.TestNGBasicConcept</td>
<td></td>
<td>0</td>
<td>com.testNG.TestNGBasicConcept@51565ec2</td></tr>
<tr>
<td title='com.testNG.TestNGBasicConcept.getTitle()'><b>getTitle</b><br>Test class: com.testNG.TestNGBasicConcept</td>
<td></td>
<td>0</td>
<td>com.testNG.TestNGBasicConcept@51565ec2</td></tr>
<tr>
<td title='com.testNG.AssertTestConcept.getgoogletitle()'><b>getgoogletitle</b><br>Test class: com.testNG.AssertTestConcept</td>
<td></td>
<td>0</td>
<td>com.testNG.AssertTestConcept@482f8f11</td></tr>
<tr>
<td title='com.testNG.GoogleTest.getgoogletitle()'><b>getgoogletitle</b><br>Test class: com.testNG.GoogleTest</td>
<td></td>
<td>0</td>
<td>com.testNG.GoogleTest@1b604f19</td></tr>
<tr>
<td title='com.testNG.AssertTestConcept.googlelogo()'><b>googlelogo</b><br>Test class: com.testNG.AssertTestConcept</td>
<td></td>
<td>2</td>
<td>com.testNG.AssertTestConcept@482f8f11</td></tr>
<tr>
<td title='com.testNG.GoogleTest.googlelogo()'><b>googlelogo</b><br>Test class: com.testNG.GoogleTest</td>
<td></td>
<td>0</td>
<td>com.testNG.GoogleTest@1b604f19</td></tr>
<tr>
<td title='com.testNG.TestNGFeatures.homePagetest()'><b>homePagetest</b><br>Test class: com.testNG.TestNGFeatures</td>
<td></td>
<td>0</td>
<td>com.testNG.TestNGFeatures@4cc0edeb</td></tr>
<tr>
<td title='com.testNG.TestNGFeatures.lgoutpage()'><b>lgoutpage</b><br>Test class: com.testNG.TestNGFeatures</td>
<td></td>
<td>0</td>
<td>com.testNG.TestNGFeatures@4cc0edeb</td></tr>
<tr>
<td title='com.testNG.TestNGFeatures.loginTest()'><b>loginTest</b><br>Test class: com.testNG.TestNGFeatures</td>
<td></td>
<td>0</td>
<td>com.testNG.TestNGFeatures@4cc0edeb</td></tr>
<tr>
<td title='com.testNG.InvocationCountTest.sum()'><b>sum</b><br>Test class: com.testNG.InvocationCountTest</td>
<td></td>
<td>0</td>
<td>com.testNG.InvocationCountTest@7823a2f9</td></tr>
<tr>
<td title='com.testNG.InvocationCountTest.sum()'><b>sum</b><br>Test class: com.testNG.InvocationCountTest</td>
<td></td>
<td>0</td>
<td>com.testNG.InvocationCountTest@7823a2f9</td></tr>
<tr>
<td title='com.testNG.InvocationCountTest.sum()'><b>sum</b><br>Test class: com.testNG.InvocationCountTest</td>
<td></td>
<td>0</td>
<td>com.testNG.InvocationCountTest@7823a2f9</td></tr>
<tr>
<td title='com.testNG.InvocationCountTest.sum()'><b>sum</b><br>Test class: com.testNG.InvocationCountTest</td>
<td></td>
<td>0</td>
<td>com.testNG.InvocationCountTest@7823a2f9</td></tr>
<tr>
<td title='com.testNG.InvocationCountTest.sum()'><b>sum</b><br>Test class: com.testNG.InvocationCountTest</td>
<td></td>
<td>0</td>
<td>com.testNG.InvocationCountTest@7823a2f9</td></tr>
<tr>
<td title='com.testNG.GoogleTest.test1()'><b>test1</b><br>Test class: com.testNG.GoogleTest</td>
<td></td>
<td>0</td>
<td>com.testNG.GoogleTest@1b604f19</td></tr>
<tr>
<td title='com.testNG.GoogleTest.test2()'><b>test2</b><br>Test class: com.testNG.GoogleTest</td>
<td></td>
<td>0</td>
<td>com.testNG.GoogleTest@1b604f19</td></tr>
<tr>
<td title='com.testNG.GoogleTest.test3()'><b>test3</b><br>Test class: com.testNG.GoogleTest</td>
<td></td>
<td>0</td>
<td>com.testNG.GoogleTest@1b604f19</td></tr>
<tr>
<td title='com.testNG.ExceptionTimOutTest.testException()'><b>testException</b><br>Test class: com.testNG.ExceptionTimOutTest</td>
<td><div><pre>java.lang.ArithmeticException: / by zero
	at com.testNG.ExceptionTimOutTest.testException(ExceptionTimOutTest.java:20)
... Removed 25 stack frames</pre></div><a href='#' onClick='toggleBox("stack-trace106999035", this, "Click to show all stack frames", "Click to hide stack frames")'>Click to show all stack frames</a>
<div class='stack-trace' id='stack-trace106999035'><pre>java.lang.ArithmeticException: / by zero
	at com.testNG.ExceptionTimOutTest.testException(ExceptionTimOutTest.java:20)
	at sun.reflect.NativeMethodAccessorImpl.invoke0(Native Method)
	at sun.reflect.NativeMethodAccessorImpl.invoke(Unknown Source)
	at sun.reflect.DelegatingMethodAccessorImpl.invoke(Unknown Source)
	at java.lang.reflect.Method.invoke(Unknown Source)
	at org.testng.internal.MethodInvocationHelper.invokeMethod(MethodInvocationHelper.java:104)
	at org.testng.internal.Invoker.invokeMethod(Invoker.java:645)
	at org.testng.internal.Invoker.invokeTestMethod(Invoker.java:851)
	at org.testng.internal.Invoker.invokeTestMethods(Invoker.java:1177)
	at org.testng.internal.TestMethodWorker.invokeTestMethods(TestMethodWorker.java:129)
	at org.testng.internal.TestMethodWorker.run(TestMethodWorker.java:112)
	at org.testng.TestRunner.privateRun(TestRunner.java:756)
	at org.testng.TestRunner.run(TestRunner.java:610)
	at org.testng.SuiteRunner.runTest(SuiteRunner.java:387)
	at org.testng.SuiteRunner.runSequentially(SuiteRunner.java:382)
	at org.testng.SuiteRunner.privateRun(SuiteRunner.java:340)
	at org.testng.SuiteRunner.run(SuiteRunner.java:289)
	at org.testng.SuiteRunnerWorker.runSuite(SuiteRunnerWorker.java:52)
	at org.testng.SuiteRunnerWorker.run(SuiteRunnerWorker.java:86)
	at org.testng.TestNG.runSuitesSequentially(TestNG.java:1293)
	at org.testng.TestNG.runSuitesLocally(TestNG.java:1218)
	at org.testng.TestNG.runSuites(TestNG.java:1133)
	at org.testng.TestNG.run(TestNG.java:1104)
	at org.testng.remote.AbstractRemoteTestNG.run(AbstractRemoteTestNG.java:132)
	at org.testng.remote.RemoteTestNG.initAndRun(RemoteTestNG.java:236)
	at org.testng.remote.RemoteTestNG.main(RemoteTestNG.java:81)
</pre></div></td>
<td>0</td>
<td>com.testNG.ExceptionTimOutTest@1593948d</td></tr>
</table><p>
</body>
</html>