<?xml version="1.0" encoding="UTF-8"?>
<testng-results skipped="0" failed="1" ignored="0" total="2" passed="1">
  <reporter-output>
  </reporter-output>
  <suite name="Default suite" duration-ms="27084" started-at="2020-07-22T14:08:42Z" finished-at="2020-07-22T14:09:09Z">
    <groups>
    </groups>
    <test name="Default test" duration-ms="27084" started-at="2020-07-22T14:08:42Z" finished-at="2020-07-22T14:09:09Z">
      <class name="ExtentRoptSCRShot">
        <test-method status="PASS" signature="setExtent()[pri:0, instance:ExtentRoptSCRShot@475530b9]" name="setExtent" is-config="true" duration-ms="146" started-at="2020-07-22T19:38:42Z" finished-at="2020-07-22T19:38:42Z">
          <reporter-output>
          </reporter-output>
        </test-method> <!-- setExtent -->
        <test-method status="PASS" signature="SetUp()[pri:0, instance:ExtentRoptSCRShot@475530b9]" name="SetUp" is-config="true" duration-ms="11857" started-at="2020-07-22T19:38:42Z" finished-at="2020-07-22T19:38:54Z">
          <reporter-output>
          </reporter-output>
        </test-method> <!-- SetUp -->
        <test-method status="PASS" signature="dashBoardlogoTest()[pri:0, instance:ExtentRoptSCRShot@475530b9]" name="dashBoardlogoTest" duration-ms="1588" started-at="2020-07-22T19:38:54Z" finished-at="2020-07-22T19:38:56Z">
          <reporter-output>
          </reporter-output>
        </test-method> <!-- dashBoardlogoTest -->
        <test-method status="PASS" signature="tearDown(org.testng.ITestResult)[pri:0, instance:ExtentRoptSCRShot@475530b9]" name="tearDown" is-config="true" duration-ms="1151" started-at="2020-07-22T19:38:56Z" finished-at="2020-07-22T19:38:57Z">
          <params>
            <param index="0">
              <value>
                <![CDATA[[TestResult name=dashBoardlogoTest status=SUCCESS method=ExtentRoptSCRShot.dashBoardlogoTest()[pri:0, instance:ExtentRoptSCRShot@475530b9] output={null}]]]>
              </value>
            </param>
          </params>
          <reporter-output>
          </reporter-output>
        </test-method> <!-- tearDown -->
        <test-method status="PASS" signature="SetUp()[pri:0, instance:ExtentRoptSCRShot@475530b9]" name="SetUp" is-config="true" duration-ms="10970" started-at="2020-07-22T19:38:57Z" finished-at="2020-07-22T19:39:08Z">
          <reporter-output>
          </reporter-output>
        </test-method> <!-- SetUp -->
        <test-method status="FAIL" signature="getTitlteTest()[pri:0, instance:ExtentRoptSCRShot@475530b9]" name="getTitlteTest" duration-ms="14" started-at="2020-07-22T19:39:08Z" finished-at="2020-07-22T19:39:08Z">
          <exception class="java.lang.AssertionError">
            <message>
              <![CDATA[expected [safJavaByKiran | Log in] but found [JavaByKiran | Log in]]]>
            </message>
            <full-stacktrace>
              <![CDATA[java.lang.AssertionError: expected [safJavaByKiran | Log in] but found [JavaByKiran | Log in]
	at org.testng.Assert.fail(Assert.java:93)
	at org.testng.Assert.failNotEquals(Assert.java:512)
	at org.testng.Assert.assertEqualsImpl(Assert.java:134)
	at org.testng.Assert.assertEquals(Assert.java:115)
	at org.testng.Assert.assertEquals(Assert.java:189)
	at org.testng.Assert.assertEquals(Assert.java:199)
	at ExtentRoptSCRShot.getTitlteTest(ExtentRoptSCRShot.java:87)
	at sun.reflect.NativeMethodAccessorImpl.invoke0(Native Method)
	at sun.reflect.NativeMethodAccessorImpl.invoke(Unknown Source)
	at sun.reflect.DelegatingMethodAccessorImpl.invoke(Unknown Source)
	at java.lang.reflect.Method.invoke(Unknown Source)
	at org.testng.internal.MethodInvocationHelper.invokeMethod(MethodInvocationHelper.java:108)
	at org.testng.internal.Invoker.invokeMethod(Invoker.java:661)
	at org.testng.internal.Invoker.invokeTestMethod(Invoker.java:869)
	at org.testng.internal.Invoker.invokeTestMethods(Invoker.java:1193)
	at org.testng.internal.TestMethodWorker.invokeTestMethods(TestMethodWorker.java:126)
	at org.testng.internal.TestMethodWorker.run(TestMethodWorker.java:109)
	at org.testng.TestRunner.privateRun(TestRunner.java:744)
	at org.testng.TestRunner.run(TestRunner.java:602)
	at org.testng.SuiteRunner.runTest(SuiteRunner.java:380)
	at org.testng.SuiteRunner.runSequentially(SuiteRunner.java:375)
	at org.testng.SuiteRunner.privateRun(SuiteRunner.java:340)
	at org.testng.SuiteRunner.run(SuiteRunner.java:289)
	at org.testng.SuiteRunnerWorker.runSuite(SuiteRunnerWorker.java:52)
	at org.testng.SuiteRunnerWorker.run(SuiteRunnerWorker.java:86)
	at org.testng.TestNG.runSuitesSequentially(TestNG.java:1301)
	at org.testng.TestNG.runSuitesLocally(TestNG.java:1226)
	at org.testng.TestNG.runSuites(TestNG.java:1144)
	at org.testng.TestNG.run(TestNG.java:1115)
	at org.testng.remote.AbstractRemoteTestNG.run(AbstractRemoteTestNG.java:132)
	at org.testng.remote.RemoteTestNG.initAndRun(RemoteTestNG.java:236)
	at org.testng.remote.RemoteTestNG.main(RemoteTestNG.java:81)
]]>
            </full-stacktrace>
          </exception> <!-- java.lang.AssertionError -->
          <reporter-output>
          </reporter-output>
        </test-method> <!-- getTitlteTest -->
        <test-method status="PASS" signature="tearDown(org.testng.ITestResult)[pri:0, instance:ExtentRoptSCRShot@475530b9]" name="tearDown" is-config="true" duration-ms="995" started-at="2020-07-22T19:39:08Z" finished-at="2020-07-22T19:39:09Z">
          <params>
            <param index="0">
              <value>
                <![CDATA[[TestResult name=getTitlteTest status=FAILURE method=ExtentRoptSCRShot.getTitlteTest()[pri:0, instance:ExtentRoptSCRShot@475530b9] output={null}]]]>
              </value>
            </param>
          </params>
          <reporter-output>
          </reporter-output>
        </test-method> <!-- tearDown -->
        <test-method status="PASS" signature="endReport()[pri:0, instance:ExtentRoptSCRShot@475530b9]" name="endReport" is-config="true" duration-ms="326" started-at="2020-07-22T19:39:09Z" finished-at="2020-07-22T19:39:09Z">
          <reporter-output>
          </reporter-output>
        </test-method> <!-- endReport -->
      </class> <!-- ExtentRoptSCRShot -->
    </test> <!-- Default test -->
  </suite> <!-- Default suite -->
</testng-results>
